<?xml version="1.0" encoding="UTF-8"?>
<!-- Generated by org.testng.reporters.JUnitReportReporter -->
<testsuite hostname="DESKTOP-LD88KNN" failures="0" tests="3" name="Basic.Simple3" time="0.059" errors="0" timestamp="2022-10-07T14:11:30 PDT" skipped="0">
  <testcase classname="Basic.Simple3" name="testcase3" time="0.019"/>
  <system-out/>
  <testcase classname="Basic.Simple3" name="testcase2" time="0.019"/>
  <system-out/>
  <testcase classname="Basic.Simple3" name="testcase4" time="0.021"/>
  <system-out/>
</testsuite> <!-- Basic.Simple3 -->
