<?xml version="1.0" encoding="UTF-8"?>
<!-- Generated by org.testng.reporters.JUnitReportReporter -->
<testsuite hostname="DESKTOP-LD88KNN" failures="0" tests="2" name="listenerinTestNG123.TestNGPratice" time="4.142" errors="0" timestamp="2022-10-03T20:51:38 PDT" skipped="0">
  <testcase classname="listenerinTestNG123.TestNGPratice" name="initbrowser" time="3.444"/>
  <system-out/>
  <testcase classname="listenerinTestNG123.TestNGPratice" name="quitbrowser" time="0.698"/>
  <system-out/>
</testsuite> <!-- listenerinTestNG123.TestNGPratice -->
