<?xml version="1.0" encoding="UTF-8"?>
<!-- Generated by org.testng.reporters.JUnitReportReporter -->
<testsuite hostname="DESKTOP-LD88KNN" failures="0" tests="2" name="annotations.SuiteBeforeAfterAnnotations" time="0.029" errors="0" timestamp="2022-10-09T12:32:45 PDT" skipped="0">
  <testcase classname="annotations.SuiteBeforeAfterAnnotations" name="case2" time="0.009"/>
  <system-out>
    <![CDATA[Test Case 2]]>
  </system-out>
  <testcase classname="annotations.SuiteBeforeAfterAnnotations" name="case1" time="0.020"/>
  <system-out>
    <![CDATA[Test Case 1]]>
  </system-out>
</testsuite> <!-- annotations.SuiteBeforeAfterAnnotations -->
