<?xml version="1.0" encoding="UTF-8"?>
<!-- Generated by org.testng.reporters.JUnitReportReporter -->
<testsuite hostname="DESKTOP-LD88KNN" failures="0" tests="1" name="includeAndExcludeMethod.IncludeSpeficMethod" time="0.015" errors="0" timestamp="2022-09-30T16:16:27 PDT" skipped="0">
  <testcase classname="includeAndExcludeMethod.IncludeSpeficMethod" name="testcase" time="0.015"/>
  <system-out>
    <![CDATA[Login failed]]>
  </system-out>
</testsuite> <!-- includeAndExcludeMethod.IncludeSpeficMethod -->
