<?xml version="1.0" encoding="UTF-8"?>
<!-- Generated by org.testng.reporters.JUnitReportReporter -->
<testsuite hostname="DESKTOP-LD88KNN" failures="0" tests="2" name="annotations.Sample2" time="0.027" errors="0" timestamp="2022-09-28T15:11:51 PDT" skipped="0">
  <testcase classname="annotations.Sample2" name="case2" time="0.006"/>
  <system-out>
    <![CDATA[Test Case 2]]>
  </system-out>
  <testcase classname="annotations.Sample2" name="case1" time="0.021"/>
  <system-out>
    <![CDATA[Test Case 1]]>
  </system-out>
</testsuite> <!-- annotations.Sample2 -->
