<?xml version="1.0" encoding="UTF-8"?>
<!-- Generated by org.testng.reporters.JUnitReportReporter -->
<testsuite hostname="DESKTOP-LD88KNN" failures="0" tests="2" name="beforeSuiteAnnotations.AnnotationInTestNG2" time="0.010" errors="0" timestamp="2022-09-30T15:52:21 PDT" skipped="0">
  <testcase classname="beforeSuiteAnnotations.AnnotationInTestNG2" name="testcase3" time="0.007"/>
  <system-out>
    <![CDATA[test case 3]]>
  </system-out>
  <testcase classname="beforeSuiteAnnotations.AnnotationInTestNG2" name="testcase4" time="0.003"/>
  <system-out>
    <![CDATA[test case 4]]>
  </system-out>
</testsuite> <!-- beforeSuiteAnnotations.AnnotationInTestNG2 -->
