<?xml version="1.0" encoding="UTF-8"?>
<!-- Generated by org.testng.reporters.JUnitReportReporter -->
<testsuite hostname="DESKTOP-LD88KNN" failures="0" tests="1" name="parallelExecutioninTestNG.ParallelExecutionOfClasses2" time="52.516" errors="0" timestamp="2022-10-25T12:45:57 PDT" skipped="0">
  <testcase classname="parallelExecutioninTestNG.ParallelExecutionOfClasses2" name="testCase2" time="52.516"/>
  <system-out>
    <![CDATA[TC1]]>
  </system-out>
</testsuite> <!-- parallelExecutioninTestNG.ParallelExecutionOfClasses2 -->
