<?xml version="1.0" encoding="UTF-8"?>
<!-- Generated by org.testng.reporters.JUnitReportReporter -->
<testsuite hostname="DESKTOP-LD88KNN" failures="0" tests="2" name="annotations.BeforeAfterTestAnnotations" time="0.027" errors="0" timestamp="2022-10-06T14:53:17 PDT" skipped="0">
  <testcase classname="annotations.BeforeAfterTestAnnotations" name="case1" time="0.018"/>
  <system-out>
    <![CDATA[Test Case 1 from Sample 3 class]]>
  </system-out>
  <testcase classname="annotations.BeforeAfterTestAnnotations" name="case2" time="0.009"/>
  <system-out>
    <![CDATA[Test Case 2  from Sample 3 class]]>
  </system-out>
</testsuite> <!-- annotations.BeforeAfterTestAnnotations -->
