<?xml version="1.0" encoding="UTF-8"?>
<!-- Generated by org.testng.reporters.JUnitReportReporter -->
<testsuite hostname="DESKTOP-LD88KNN" failures="0" tests="1" name="depndsOnMethod.DependsOnMethod3" time="0.000" errors="0" timestamp="2022-10-06T15:57:56 PDT" skipped="1">
  <testcase classname="depndsOnMethod.DependsOnMethod3" name="testCase4" time="0.000">
    <skipped/>
  </testcase> <!-- testCase4 -->
  <system-out/>
</testsuite> <!-- depndsOnMethod.DependsOnMethod3 -->
