<?xml version="1.0" encoding="UTF-8"?>
<!-- Generated by org.testng.reporters.JUnitReportReporter -->
<testsuite hostname="DESKTOP-LD88KNN" failures="0" tests="1" name="parametrizationinTestNG.DoubleParameterInTestNG" time="0.017" errors="0" timestamp="2022-10-03T00:37:38 PDT" skipped="0">
  <testcase classname="parametrizationinTestNG.DoubleParameterInTestNG" name="testcase1" time="0.017"/>
  <system-out/>
</testsuite> <!-- parametrizationinTestNG.DoubleParameterInTestNG -->
