<?xml version="1.0" encoding="UTF-8"?>
<!-- Generated by org.testng.reporters.JUnitReportReporter -->
<testsuite hostname="DESKTOP-LD88KNN" failures="0" tests="1" name="parallelExecutioninTestNG123.ParallelExecutionOfClasses2" time="9.229" errors="0" timestamp="2022-10-02T23:50:06 PDT" skipped="0">
  <testcase classname="parallelExecutioninTestNG123.ParallelExecutionOfClasses2" name="testCase2" time="9.229"/>
  <system-out>
    <![CDATA[TC2]]>
  </system-out>
</testsuite> <!-- parallelExecutioninTestNG123.ParallelExecutionOfClasses2 -->
