<?xml version="1.0" encoding="UTF-8"?>
<!-- Generated by org.testng.reporters.JUnitReportReporter -->
<testsuite hostname="DESKTOP-LD88KNN" failures="0" tests="4" name="Basic.Simple2" time="0.030" errors="0" timestamp="2022-10-06T14:48:07 PDT" skipped="0">
  <testcase classname="Basic.Simple2" name="testcase2" time="0.017"/>
  <system-out>
    <![CDATA[TestCase2 is passed]]>
  </system-out>
  <testcase classname="Basic.Simple2" name="testcase3" time="0.005"/>
  <system-out>
    <![CDATA[TestCase3 is passed]]>
  </system-out>
  <testcase classname="Basic.Simple2" name="testcase1" time="0.003"/>
  <system-out>
    <![CDATA[TestCase1 is passed]]>
  </system-out>
  <testcase classname="Basic.Simple2" name="testcase4" time="0.005"/>
  <system-out>
    <![CDATA[TestCase4 is passed]]>
  </system-out>
</testsuite> <!-- Basic.Simple2 -->
