<?xml version="1.0" encoding="UTF-8"?>
<!-- Generated by org.testng.reporters.JUnitReportReporter -->
<testsuite hostname="DESKTOP-LD88KNN" failures="0" tests="1" name="assertions.LoginErrorMessageVerfication3" time="106.734" errors="0" timestamp="2022-09-28T19:38:26 PDT" skipped="0">
  <testcase classname="assertions.LoginErrorMessageVerfication3" name="login" time="106.734"/>
  <system-out/>
</testsuite> <!-- assertions.LoginErrorMessageVerfication3 -->
