<?xml version="1.0" encoding="UTF-8"?>
<!-- Generated by org.testng.reporters.JUnitReportReporter -->
<testsuite hostname="DESKTOP-LD88KNN" failures="0" tests="2" name="parametrizationinTestNG.ParameterInTestNG" time="0.030" errors="0" timestamp="2022-10-03T00:26:40 PDT" skipped="0">
  <testcase classname="parametrizationinTestNG.ParameterInTestNG" name="testcase1" time="0.023"/>
  <system-out/>
  <testcase classname="parametrizationinTestNG.ParameterInTestNG" name="testcase1" time="0.007"/>
  <system-out/>
</testsuite> <!-- parametrizationinTestNG.ParameterInTestNG -->
