<?xml version="1.0" encoding="UTF-8"?>
<!-- Generated by org.testng.reporters.JUnitReportReporter -->
<testsuite hostname="DESKTOP-LD88KNN" failures="0" tests="11" name="Basic.IfweWantTestCaseToExecuteMultipleTime" time="0.044" errors="0" timestamp="2022-09-28T13:57:24 PDT" skipped="0">
  <testcase classname="Basic.IfweWantTestCaseToExecuteMultipleTime" name="testcase3" time="0.004"/>
  <system-out/>
  <testcase classname="Basic.IfweWantTestCaseToExecuteMultipleTime" name="testcase3" time="0.004"/>
  <system-out/>
  <testcase classname="Basic.IfweWantTestCaseToExecuteMultipleTime" name="testcase3" time="0.002"/>
  <system-out/>
  <testcase classname="Basic.IfweWantTestCaseToExecuteMultipleTime" name="testcase3" time="0.016"/>
  <system-out/>
  <testcase classname="Basic.IfweWantTestCaseToExecuteMultipleTime" name="testcase3" time="0.003"/>
  <system-out/>
  <testcase classname="Basic.IfweWantTestCaseToExecuteMultipleTime" name="testcase2" time="0.003"/>
  <system-out>
    <![CDATA[Test case2 executes 5 time]]>
  </system-out>
  <testcase classname="Basic.IfweWantTestCaseToExecuteMultipleTime" name="testcase2" time="0.002"/>
  <system-out>
    <![CDATA[Test case2 executes 5 time]]>
  </system-out>
  <testcase classname="Basic.IfweWantTestCaseToExecuteMultipleTime" name="testcase2" time="0.003"/>
  <system-out>
    <![CDATA[Test case2 executes 5 time]]>
  </system-out>
  <testcase classname="Basic.IfweWantTestCaseToExecuteMultipleTime" name="testcase2" time="0.003"/>
  <system-out>
    <![CDATA[Test case2 executes 5 time]]>
  </system-out>
  <testcase classname="Basic.IfweWantTestCaseToExecuteMultipleTime" name="testcase2" time="0.002"/>
  <system-out>
    <![CDATA[Test case2 executes 5 time]]>
  </system-out>
  <testcase classname="Basic.IfweWantTestCaseToExecuteMultipleTime" name="testcase1" time="0.002"/>
  <system-out/>
</testsuite> <!-- Basic.IfweWantTestCaseToExecuteMultipleTime -->
