<?xml version="1.0" encoding="UTF-8"?>
<!-- Generated by org.testng.reporters.JUnitReportReporter -->
<testsuite hostname="DESKTOP-LD88KNN" failures="0" tests="1" name="testPackage.LoginTest" time="2.670" errors="0" timestamp="2022-10-05T23:53:04 PDT" skipped="0">
  <testcase classname="testPackage.LoginTest" name="logintest12" time="2.670"/>
  <system-out/>
</testsuite> <!-- testPackage.LoginTest -->
