<?xml version="1.0" encoding="UTF-8"?>
<!-- Generated by org.testng.reporters.JUnitReportReporter -->
<testsuite hostname="DESKTOP-LD88KNN" failures="0" tests="2" name="includeAndExcludeMethod.ExcludeSpeficMethod" time="0.027" errors="0" timestamp="2022-09-30T16:21:10 PDT" skipped="0">
  <testcase classname="includeAndExcludeMethod.ExcludeSpeficMethod" name="testcase" time="0.020"/>
  <system-out>
    <![CDATA[Login failed]]>
  </system-out>
  <testcase classname="includeAndExcludeMethod.ExcludeSpeficMethod" name="testCase2" time="0.007"/>
  <system-out/>
</testsuite> <!-- includeAndExcludeMethod.ExcludeSpeficMethod -->
