<?xml version="1.0" encoding="UTF-8"?>
<!-- Generated by org.testng.reporters.JUnitReportReporter -->
<testsuite hostname="DESKTOP-LD88KNN" failures="0" tests="4" name="Basic.Simple" time="0.040" errors="0" timestamp="2022-10-06T14:41:54 PDT" skipped="0">
  <testcase classname="Basic.Simple" name="testcase4" time="0.015"/>
  <system-out/>
  <testcase classname="Basic.Simple" name="testcase2" time="0.002"/>
  <system-out/>
  <testcase classname="Basic.Simple" name="testcase1" time="0.018"/>
  <system-out/>
  <testcase classname="Basic.Simple" name="testcase3" time="0.005"/>
  <system-out/>
</testsuite> <!-- Basic.Simple -->
