<?xml version="1.0" encoding="UTF-8"?>
<!-- Generated by org.testng.reporters.JUnitReportReporter -->
<testsuite hostname="DESKTOP-LD88KNN" failures="0" tests="3" name="groupofTestCaseExecute.GroupingOfTestCases" time="0.065" errors="0" timestamp="2022-10-10T12:29:34 PDT" skipped="0">
  <testcase classname="groupofTestCaseExecute.GroupingOfTestCases" name="testCase4" time="0.021"/>
  <system-out>
    <![CDATA[TC4 Got Executed]]>
  </system-out>
  <testcase classname="groupofTestCaseExecute.GroupingOfTestCases" name="testCase3" time="0.022"/>
  <system-out>
    <![CDATA[TC3 Got Executed]]>
  </system-out>
  <testcase classname="groupofTestCaseExecute.GroupingOfTestCases" name="testCase5" time="0.022"/>
  <system-out>
    <![CDATA[TC5 Got Executed]]>
  </system-out>
</testsuite> <!-- groupofTestCaseExecute.GroupingOfTestCases -->
