<?xml version="1.0" encoding="UTF-8"?>
<!-- Generated by org.testng.reporters.JUnitReportReporter -->
<testsuite hostname="DESKTOP-LD88KNN" failures="0" tests="1" name="parallelExecutioninTestNG.ParallelExecutionOfClasses" time="51.666" errors="0" timestamp="2022-10-25T12:45:57 PDT" skipped="0">
  <testcase classname="parallelExecutioninTestNG.ParallelExecutionOfClasses" name="testCase1" time="51.666"/>
  <system-out>
    <![CDATA[TC1]]>
  </system-out>
</testsuite> <!-- parallelExecutioninTestNG.ParallelExecutionOfClasses -->
