<?xml version="1.0" encoding="UTF-8"?>
<!-- Generated by org.testng.reporters.JUnitReportReporter -->
<testsuite hostname="DESKTOP-LD88KNN" failures="0" tests="1" name="assertions.LoginErrorMessageVerfication" time="118.452" errors="0" timestamp="2022-09-28T19:12:10 PDT" skipped="0">
  <testcase classname="assertions.LoginErrorMessageVerfication" name="login" time="118.452"/>
  <system-out/>
</testsuite> <!-- assertions.LoginErrorMessageVerfication -->
