<?xml version="1.0" encoding="UTF-8"?>
<!-- Generated by org.testng.reporters.JUnitReportReporter -->
<testsuite hostname="DESKTOP-LD88KNN" failures="0" tests="1" name="parallelExecutioninTestNG123.ParallelExecutionOfClasses4" time="0.018" errors="0" timestamp="2022-10-02T23:50:06 PDT" skipped="0">
  <testcase classname="parallelExecutioninTestNG123.ParallelExecutionOfClasses4" name="testCase4" time="0.018"/>
  <system-out>
    <![CDATA[TC4]]>
  </system-out>
</testsuite> <!-- parallelExecutioninTestNG123.ParallelExecutionOfClasses4 -->
