<?xml version="1.0" encoding="UTF-8"?>
<!-- Generated by org.testng.reporters.JUnitReportReporter -->
<testsuite hostname="DESKTOP-LD88KNN" failures="0" tests="1" name="parallelExecutioninTestNG.ParallelExecutionOfClasses4" time="52.961" errors="0" timestamp="2022-10-25T12:45:57 PDT" skipped="0">
  <testcase classname="parallelExecutioninTestNG.ParallelExecutionOfClasses4" name="testCase4" time="52.961"/>
  <system-out>
    <![CDATA[TC4]]>
  </system-out>
</testsuite> <!-- parallelExecutioninTestNG.ParallelExecutionOfClasses4 -->
