<?xml version="1.0" encoding="UTF-8"?>
<!-- Generated by org.testng.reporters.JUnitReportReporter -->
<testsuite hostname="DESKTOP-LD88KNN" failures="0" tests="1" name="parallelExecutioninTestNG123.ParallelExecutionOfClasses3" time="0.019" errors="0" timestamp="2022-10-02T23:50:06 PDT" skipped="0">
  <testcase classname="parallelExecutioninTestNG123.ParallelExecutionOfClasses3" name="testCase3" time="0.019"/>
  <system-out>
    <![CDATA[TC3]]>
  </system-out>
</testsuite> <!-- parallelExecutioninTestNG123.ParallelExecutionOfClasses3 -->
