<?xml version="1.0" encoding="UTF-8"?>
<!-- Generated by org.testng.reporters.JUnitReportReporter -->
<testsuite hostname="DESKTOP-LD88KNN" failures="0" tests="2" name="annotations.Sample" time="0.041" errors="0" timestamp="2022-09-28T14:47:52 PDT" skipped="0">
  <testcase classname="annotations.Sample" name="case1" time="0.023"/>
  <system-out>
    <![CDATA[Test Case 1]]>
  </system-out>
  <testcase classname="annotations.Sample" name="case2" time="0.018"/>
  <system-out>
    <![CDATA[Test Case 2]]>
  </system-out>
</testsuite> <!-- annotations.Sample -->
