<?xml version="1.0" encoding="UTF-8"?>
<!-- Generated by org.testng.reporters.JUnitReportReporter -->
<testsuite hostname="DESKTOP-LD88KNN" failures="0" tests="2" name="annotations.BeforeAfterClassAnnotations" time="0.033" errors="0" timestamp="2022-10-06T14:53:17 PDT" skipped="0">
  <testcase classname="annotations.BeforeAfterClassAnnotations" name="case1" time="0.023"/>
  <system-out>
    <![CDATA[Test Case 1]]>
  </system-out>
  <testcase classname="annotations.BeforeAfterClassAnnotations" name="case2" time="0.010"/>
  <system-out>
    <![CDATA[Test Case 2]]>
  </system-out>
</testsuite> <!-- annotations.BeforeAfterClassAnnotations -->
