<?xml version="1.0" encoding="UTF-8"?>
<!-- Generated by org.testng.reporters.JUnitReportReporter -->
<testsuite hostname="DESKTOP-LD88KNN" failures="0" tests="2" name="beforeSuiteAnnotations.AnnotationInTestNG" time="0.017" errors="0" timestamp="2022-09-30T15:52:21 PDT" skipped="0">
  <testcase classname="beforeSuiteAnnotations.AnnotationInTestNG" name="testcase2" time="0.006"/>
  <system-out>
    <![CDATA[test case 2]]>
  </system-out>
  <testcase classname="beforeSuiteAnnotations.AnnotationInTestNG" name="testcase1" time="0.011"/>
  <system-out>
    <![CDATA[test case 1]]>
  </system-out>
</testsuite> <!-- beforeSuiteAnnotations.AnnotationInTestNG -->
